E, [2017-11-05T15:00:57.110081 #4910] ERROR -- Kitchen: ------Exception-------
E, [2017-11-05T15:00:57.110135 #4910] ERROR -- Kitchen: Class: Kitchen::UserError
E, [2017-11-05T15:00:57.110156 #4910] ERROR -- Kitchen: Message: Kitchen YAML file /root/git/testing/roles/.kitchen.yml does not exist.
E, [2017-11-05T15:00:57.110170 #4910] ERROR -- Kitchen: ----------------------
E, [2017-11-05T15:00:57.110197 #4910] ERROR -- Kitchen: ------Backtrace-------
E, [2017-11-05T15:00:57.110208 #4910] ERROR -- Kitchen: /opt/chefdk/embedded/lib/ruby/gems/2.4.0/gems/test-kitchen-1.17.0/lib/kitchen/loader/yaml.rb:71:in `read'
E, [2017-11-05T15:00:57.110220 #4910] ERROR -- Kitchen: /opt/chefdk/embedded/lib/ruby/gems/2.4.0/gems/test-kitchen-1.17.0/lib/kitchen/config.rb:147:in `data'
E, [2017-11-05T15:00:57.110231 #4910] ERROR -- Kitchen: /opt/chefdk/embedded/lib/ruby/gems/2.4.0/gems/test-kitchen-1.17.0/lib/kitchen/config.rb:126:in `suites'
E, [2017-11-05T15:00:57.110243 #4910] ERROR -- Kitchen: /opt/chefdk/embedded/lib/ruby/gems/2.4.0/gems/test-kitchen-1.17.0/lib/kitchen/config.rb:177:in `filter_instances'
E, [2017-11-05T15:00:57.110254 #4910] ERROR -- Kitchen: /opt/chefdk/embedded/lib/ruby/gems/2.4.0/gems/test-kitchen-1.17.0/lib/kitchen/config.rb:136:in `build_instances'
E, [2017-11-05T15:00:57.110265 #4910] ERROR -- Kitchen: /opt/chefdk/embedded/lib/ruby/gems/2.4.0/gems/test-kitchen-1.17.0/lib/kitchen/config.rb:112:in `instances'
E, [2017-11-05T15:00:57.110276 #4910] ERROR -- Kitchen: /opt/chefdk/embedded/lib/ruby/gems/2.4.0/gems/test-kitchen-1.17.0/lib/kitchen/command.rb:112:in `filtered_instances'
E, [2017-11-05T15:00:57.110299 #4910] ERROR -- Kitchen: /opt/chefdk/embedded/lib/ruby/gems/2.4.0/gems/test-kitchen-1.17.0/lib/kitchen/command.rb:142:in `parse_subcommand'
E, [2017-11-05T15:00:57.110312 #4910] ERROR -- Kitchen: /opt/chefdk/embedded/lib/ruby/gems/2.4.0/gems/test-kitchen-1.17.0/lib/kitchen/command/list.rb:30:in `call'
E, [2017-11-05T15:00:57.110324 #4910] ERROR -- Kitchen: /opt/chefdk/embedded/lib/ruby/gems/2.4.0/gems/test-kitchen-1.17.0/lib/kitchen/cli.rb:53:in `perform'
E, [2017-11-05T15:00:57.110335 #4910] ERROR -- Kitchen: /opt/chefdk/embedded/lib/ruby/gems/2.4.0/gems/test-kitchen-1.17.0/lib/kitchen/cli.rb:121:in `list'
E, [2017-11-05T15:00:57.110347 #4910] ERROR -- Kitchen: /opt/chefdk/embedded/lib/ruby/gems/2.4.0/gems/thor-0.19.1/lib/thor/command.rb:27:in `run'
E, [2017-11-05T15:00:57.110359 #4910] ERROR -- Kitchen: /opt/chefdk/embedded/lib/ruby/gems/2.4.0/gems/thor-0.19.1/lib/thor/invocation.rb:126:in `invoke_command'
E, [2017-11-05T15:00:57.110370 #4910] ERROR -- Kitchen: /opt/chefdk/embedded/lib/ruby/gems/2.4.0/gems/test-kitchen-1.17.0/lib/kitchen/cli.rb:334:in `invoke_task'
E, [2017-11-05T15:00:57.110382 #4910] ERROR -- Kitchen: /opt/chefdk/embedded/lib/ruby/gems/2.4.0/gems/thor-0.19.1/lib/thor.rb:359:in `dispatch'
E, [2017-11-05T15:00:57.110393 #4910] ERROR -- Kitchen: /opt/chefdk/embedded/lib/ruby/gems/2.4.0/gems/thor-0.19.1/lib/thor/base.rb:440:in `start'
E, [2017-11-05T15:00:57.110404 #4910] ERROR -- Kitchen: /opt/chefdk/embedded/lib/ruby/gems/2.4.0/gems/test-kitchen-1.17.0/bin/kitchen:13:in `block in <top (required)>'
E, [2017-11-05T15:00:57.110416 #4910] ERROR -- Kitchen: /opt/chefdk/embedded/lib/ruby/gems/2.4.0/gems/test-kitchen-1.17.0/lib/kitchen/errors.rb:171:in `with_friendly_errors'
E, [2017-11-05T15:00:57.110427 #4910] ERROR -- Kitchen: /opt/chefdk/embedded/lib/ruby/gems/2.4.0/gems/test-kitchen-1.17.0/bin/kitchen:13:in `<top (required)>'
E, [2017-11-05T15:00:57.110439 #4910] ERROR -- Kitchen: /usr/bin/kitchen:267:in `load'
E, [2017-11-05T15:00:57.110450 #4910] ERROR -- Kitchen: /usr/bin/kitchen:267:in `<main>'
E, [2017-11-05T15:00:57.110460 #4910] ERROR -- Kitchen: ----End Backtrace-----
